        -:    0:Source:main.cpp
        -:    0:Graph:main.gcno
        -:    0:Data:main.gcda
        -:    0:Runs:1
        -:    1:#include "matrix_multiplier.h"
        -:    2:#include <iostream>
        -:    3:#include <chrono>
        -:    4:#include <cstdlib> // For rand()
        -:    5:#include <ctime>
        -:    6:
        -:    7:using namespace std;
        -:    8:
        1:    9:int main() {
        1:   10:    srand(time(0));
        -:   11:
        -:   12:    // Create two matrices
        1:   13:    Matrix A(500, 500);
        1:   14:    Matrix B(500, 500);
        -:   15:
        -:   16:	
        1:   17:	cout << "Generating dummy data for matrices...\n";
      501:   18:    for (size_t i = 0; i < A.rows(); ++i) {
   250500:   19:        for (size_t j = 0; j < A.cols(); ++j) {
   250000:   20:            A(i, j) = rand() % 10;
   250000:   21:            B(i, j) = rand() % 10;
        -:   22:        }
        -:   23:    }
        -:   24:	
        -:   25:
        -:   26:	 // Start timer
        1:   27:    auto start = std::chrono::high_resolution_clock::now();
        -:   28:	
        1:   29:	cout << "Multiplying matrices...\n";
        1:   30:	multiplyMatrices(A,B);
        -:   31:
        -:   32:    // Stop timer
        1:   33:    auto end = std::chrono::high_resolution_clock::now();
        -:   34:
        -:   35:    // Calculate duration in milliseconds
        1:   36:    chrono::duration<double, std::milli> duration = end - start;
        -:   37:
        1:   38:    cout << "Matrix multiplication took " << duration.count() << " ms." << std::endl;
        -:   39:
        1:   40:    return 0;
        1:   41:}
        -:   42:
